2023/02/11 09:08:36 [emerg] 1#1: host not found in upstream "php" in /etc/nginx/conf.d/default.conf:15
2023/02/11 14:56:10 [emerg] 1#1: host not found in upstream "php" in /etc/nginx/conf.d/default.conf:15
2023/02/11 14:57:47 [emerg] 1#1: host not found in upstream "php" in /etc/nginx/conf.d/default.conf:15
2023/02/11 15:06:54 [emerg] 1#1: host not found in upstream "php" in /etc/nginx/conf.d/default.conf:15
2023/02/11 18:30:40 [notice] 1#1: using the "epoll" event method
2023/02/11 18:30:40 [notice] 1#1: nginx/1.22.1
2023/02/11 18:30:40 [notice] 1#1: built by gcc 11.2.1 20220219 (Alpine 11.2.1_git20220219) 
2023/02/11 18:30:40 [notice] 1#1: OS: Linux 5.10.104-linuxkit
2023/02/11 18:30:40 [notice] 1#1: getrlimit(RLIMIT_NOFILE): 1048576:1048576
2023/02/11 18:30:40 [notice] 1#1: start worker processes
2023/02/11 18:30:40 [notice] 1#1: start worker process 31
2023/02/11 18:30:40 [notice] 1#1: start worker process 32
2023/02/11 20:26:39 [notice] 1#1: signal 3 (SIGQUIT) received, shutting down
2023/02/11 20:26:39 [notice] 31#31: gracefully shutting down
2023/02/11 20:26:39 [notice] 31#31: exiting
2023/02/11 20:26:39 [notice] 32#32: gracefully shutting down
2023/02/11 20:26:39 [notice] 32#32: exiting
2023/02/11 20:26:39 [notice] 31#31: exit
2023/02/11 20:26:39 [notice] 32#32: exit
2023/02/11 20:26:39 [notice] 1#1: signal 17 (SIGCHLD) received from 31
2023/02/11 20:26:39 [notice] 1#1: worker process 31 exited with code 0
2023/02/11 20:26:39 [notice] 1#1: signal 29 (SIGIO) received
2023/02/11 20:26:39 [notice] 1#1: signal 17 (SIGCHLD) received from 32
2023/02/11 20:26:39 [notice] 1#1: worker process 32 exited with code 0
2023/02/11 20:26:39 [notice] 1#1: exit
2023/02/13 08:50:28 [notice] 1#1: using the "epoll" event method
2023/02/13 08:50:28 [notice] 1#1: nginx/1.22.1
2023/02/13 08:50:28 [notice] 1#1: built by gcc 11.2.1 20220219 (Alpine 11.2.1_git20220219) 
2023/02/13 08:50:28 [notice] 1#1: OS: Linux 5.10.104-linuxkit
2023/02/13 08:50:28 [notice] 1#1: getrlimit(RLIMIT_NOFILE): 1048576:1048576
2023/02/13 08:50:28 [notice] 1#1: start worker processes
2023/02/13 08:50:28 [notice] 1#1: start worker process 29
2023/02/13 08:50:28 [notice] 1#1: start worker process 30
2023/02/13 18:07:12 [notice] 1#1: signal 3 (SIGQUIT) received, shutting down
2023/02/13 18:07:12 [notice] 29#29: gracefully shutting down
2023/02/13 18:07:12 [notice] 30#30: gracefully shutting down
2023/02/13 18:07:12 [notice] 29#29: exiting
2023/02/13 18:07:12 [notice] 30#30: exiting
2023/02/13 18:07:12 [notice] 30#30: exit
2023/02/13 18:07:12 [notice] 29#29: exit
2023/02/13 18:07:12 [notice] 1#1: signal 17 (SIGCHLD) received from 30
2023/02/13 18:07:12 [notice] 1#1: worker process 30 exited with code 0
2023/02/13 18:07:12 [notice] 1#1: signal 29 (SIGIO) received
2023/02/13 18:07:12 [notice] 1#1: signal 17 (SIGCHLD) received from 29
2023/02/13 18:07:12 [notice] 1#1: worker process 29 exited with code 0
2023/02/13 18:07:12 [notice] 1#1: exit
2023/02/14 08:17:16 [notice] 1#1: using the "epoll" event method
2023/02/14 08:17:16 [notice] 1#1: nginx/1.22.1
2023/02/14 08:17:16 [notice] 1#1: built by gcc 11.2.1 20220219 (Alpine 11.2.1_git20220219) 
2023/02/14 08:17:16 [notice] 1#1: OS: Linux 5.10.104-linuxkit
2023/02/14 08:17:16 [notice] 1#1: getrlimit(RLIMIT_NOFILE): 1048576:1048576
2023/02/14 08:17:16 [notice] 1#1: start worker processes
2023/02/14 08:17:16 [notice] 1#1: start worker process 29
2023/02/14 08:17:16 [notice] 1#1: start worker process 30
2023/02/14 15:25:53 [notice] 1#1: signal 3 (SIGQUIT) received, shutting down
2023/02/14 15:25:53 [notice] 30#30: gracefully shutting down
2023/02/14 15:25:53 [notice] 30#30: exiting
2023/02/14 15:25:53 [notice] 29#29: gracefully shutting down
2023/02/14 15:25:53 [notice] 30#30: exit
2023/02/14 15:25:53 [notice] 29#29: exiting
2023/02/14 15:25:53 [notice] 29#29: exit
2023/02/14 15:25:53 [notice] 1#1: signal 17 (SIGCHLD) received from 30
2023/02/14 15:25:53 [notice] 1#1: worker process 30 exited with code 0
2023/02/14 15:25:53 [notice] 1#1: signal 29 (SIGIO) received
2023/02/14 15:25:53 [notice] 1#1: signal 17 (SIGCHLD) received from 29
2023/02/14 15:25:53 [notice] 1#1: worker process 29 exited with code 0
2023/02/14 15:25:53 [notice] 1#1: exit
2023/02/16 09:48:41 [notice] 1#1: using the "epoll" event method
2023/02/16 09:48:41 [notice] 1#1: nginx/1.22.1
2023/02/16 09:48:41 [notice] 1#1: built by gcc 11.2.1 20220219 (Alpine 11.2.1_git20220219) 
2023/02/16 09:48:41 [notice] 1#1: OS: Linux 5.10.104-linuxkit
2023/02/16 09:48:41 [notice] 1#1: getrlimit(RLIMIT_NOFILE): 1048576:1048576
2023/02/16 09:48:41 [notice] 1#1: start worker processes
2023/02/16 09:48:41 [notice] 1#1: start worker process 29
2023/02/16 09:48:41 [notice] 1#1: start worker process 30
2023/02/16 14:15:01 [notice] 1#1: signal 3 (SIGQUIT) received, shutting down
2023/02/16 14:15:01 [notice] 30#30: gracefully shutting down
2023/02/16 14:15:01 [notice] 30#30: exiting
2023/02/16 14:15:01 [notice] 29#29: gracefully shutting down
2023/02/16 14:15:01 [notice] 30#30: exit
2023/02/16 14:15:01 [notice] 29#29: exiting
2023/02/16 14:15:01 [notice] 29#29: exit
2023/02/16 14:15:01 [notice] 1#1: signal 17 (SIGCHLD) received from 30
2023/02/16 14:15:01 [notice] 1#1: worker process 30 exited with code 0
2023/02/16 14:15:01 [notice] 1#1: signal 29 (SIGIO) received
2023/02/16 14:15:01 [notice] 1#1: signal 17 (SIGCHLD) received from 29
2023/02/16 14:15:01 [notice] 1#1: worker process 29 exited with code 0
2023/02/16 14:15:01 [notice] 1#1: exit
2023/02/16 16:41:33 [notice] 1#1: using the "epoll" event method
2023/02/16 16:41:33 [notice] 1#1: nginx/1.22.1
2023/02/16 16:41:33 [notice] 1#1: built by gcc 11.2.1 20220219 (Alpine 11.2.1_git20220219) 
2023/02/16 16:41:33 [notice] 1#1: OS: Linux 5.10.104-linuxkit
2023/02/16 16:41:33 [notice] 1#1: getrlimit(RLIMIT_NOFILE): 1048576:1048576
2023/02/16 16:41:33 [notice] 1#1: start worker processes
2023/02/16 16:41:33 [notice] 1#1: start worker process 30
2023/02/16 16:41:33 [notice] 1#1: start worker process 31
